-9
-9.33
-9.31
-9.33
-9.37
-9.31
-9.32
-9.37
-9.35
-9.33
-9.34
-9.32
-9.31
-9.363
-9.32
-9.38
-9.34
-9.34
-9.33
-9.33
-9.31
-9.33
-9.37
-9.31
-9.32
-9.37
-9.35
-9.33
-9.34
-9.32
-9.31
-9.36
-9.34
-9.38
-9.38
-9.35
-9.38
-9.30
-9.32
-9.33
-9.40
-9.34
-9.36
-9.35
-9.37
-9.34
-9.34
-9.36
-9.33
-9.33
-9.38
-9.34
-9.39
-9.32
-9.32
-9.40
-9.36
-9.36
-9.35
-9.29
-9.27
-9.31
-9.35
-9.27
-9.40
-9.33
-9.38
-9.31
-9.35
-9.32
-9.35
-9.32
-9.35
-9.38
-9.33
-9.35
-9.33
-9.36
-9.36
-9.36
-9.37
-9.36
-9.35
-9.34
-9.33
-9.29
-9.35
-9.36
-9.32
-9.35
-9.40
-9.35
-9.35
-9.39
-9.34
-9.43
-9.39
-9.56
-9.49
-9.53
-9.23
-9.24
-8.99
-9.12
-9.31
-9.40
-9.54
-9.56
-9.45
-9.37
-9.31
-9.14
-9.12
-9.28
-9.44
-9.55
-9.45
-9.28
-9.31
-9.41
-9.31
-9.35
-9.36
-9.65
-9.42
-9.07
-9.29
-9.64
-9.22
-8.96
-9.51
-9.72
-9.18
-9.08
-9.48
-9.56
-9.21
-9.21
-9.36
-9.32
-9.24
-9.36
-9.57
-9.43
-9.21
-9.32
-9.25
-9.52
-9.29
-9.12
-9.45
-9.58
-9.66
-9.01
-8.76
-9.59
-9.24
-9.44
-9.56
-9.45
-8.46
-9.05
-9.53
-8.74
-8.97
-9.29
-9.28
-8.76
-8.77
-9.38
-9.15
-9.42
-9.12
-10.10
-9.67
-9.23
-9.45
-9.93
-9.03
-9.09
-9.26
-9.81
-8.68
-9.32
-9.61
-9.61
-8.67
-9.62
-9.63
-9.14
-9.27
-9.83
-9.15
-9.44
-9.29
-9.88
-9.11
-9.27
-9.59
-9.40
-8.99
-8.99
-9.09
-8.71
-9.95
-9.14
-9.14
-9.23
-9.53
-9.37
-8.86
-9.35
-9.49
-8.68
-10.02
-9.50
-9.02
-8.87
-9.38
-9.70
-9.29
-9.20
-9.43
-9.45
-9.52
-9.11
-9.43
-9.27
-9.31
-9.39
-9.41
-9.37
-9.40
-9.20
-9.26
-9.32
-9.41
-9.46
-9.26
-9.37
-9.25
-9.20
-9.17
-9.40
-9.34
-9.31
-9.51
-9.32
-9.16
-9.37
-9.45
-9.29
-9.28
-11.94
-9.98
-9.97
-11.35
-14.45
-10.56
-3.85
-3.21
-6.61
-9.31
-8.60
-8.19
-7.94
-8.84
-8.73
-8.75
-9.56
-9.77
-10.22
-10.42
-10.92
-10.14
-10.43
-9.22
-9.04
-9.78
-9.11
-9.46
-9.48
-8.60
-8.76
-9.74
-9.31
-8.87
-9.67
-9.48
-9.28
-9.47
-9.55
-7.57
-10.46
-9.67
-8.60
-9.44
-9.31
-9.22
-8.91
-8.98
-9.55
-9.05
-9.05
-9.99
-9.90
-9.59
-9.31
-9.54
-9.22
-9.22
-9.27
-8.94
-9.53
-9.45
-9.62
-10.00
-10.13
-9.06
-8.75
-9.14
-9.09
-9.20
-9.77
-9.10
-9.68
-9.32
-9.20
-9.64
-9.42
-9.36
-9.28
-9.24
-9.21
-8.99
-9.78
-9.65
-8.83
-9.28
-9.33
-9.13
-9.43
-9.59
-9.69
-9.39
-9.48
-9.43
-9.06
-9.85
-8.58
-11.08
-8.35
-9.86
-9.36
-8.29
-10.31
-9.94
-8.69
-8.67
-8.66
-10.57
-7.68
-9.35
-8.22
-8.34
-9.32
-9.68
-8.13
-9.61
-9.17
-11.16
-8.45
-9.58
-8.69
-9.67
-9.68
-8.99
-10.36
-7.97
-10.95
-11.59
-8.39
-6.79
-9.22
-9.22
-10.95
-7.02
-7.99
-12.42
-8.55
-10.62
-10.24
-6.07
-10.53
-8.47
-10.00
-9.01
-8.98
-9.54
-9.25
-8.81
-9.29
-8.96
-9.17
-9.30
-9.39
-9.58
-9.42
-9.78
-8.88
-8.98
-9.08
-9.31
-9.56
-9.19
-9.06
-9.82
-9.57
-8.61
-9.67
-9.02
-9.02
-9.57
-9.07
-9.31
-9.37
-9.18
-8.94
-8.77
-9.74
-9.67
-9.24
-9.22
-9.09
-9.07
-9.27
-9.28
-9.61
-9.30
-8.95
-10.07
-9.69
-8.62
-10.23
-9.41
-9.29
-8.99
-10.19
-8.42
-9.75
-9.37
-9.07
-9.17
-9.78
-9.54
-9.75
-9.71
-9.50
-9.97
-9.36
-8.59
-9.05
-8.63
-7.37
-9.82
-10.50
-9.82
-9.63
-10.07
-8.62
-8.17
-8.74
-9.50
-10.43
-10.81
-11.46
-10.96
-7.63
-6.13
-8.99
-9.22
-8.65
-9.31
-9.73
-9.30
-9.58
-9.45
-9.60
-9.82
-9.35
-10.98
-3.90
-7.40
-13.61
-11.94
-8.54
-9.87
-9.27
-9.24
-8.99
-8.69
-9.69
-9.43
-9.55
-9.31
-9.31
-8.97
-9.39
-8.38
-10.13
-8.80
-10.50
-9.58
-8.02
-10.79
-7.78
-8.34
-10.50
-6.71
-10.81
-8.80
-9.92
-9.47
-8.65
-9.27
-9.84
-7.87
-9.74
-7.97
-9.61
-9.71
-9.37
-9.65
-9.42
-9.98
-9.25
-9.68
-8.82
-9.46
-9.90
-8.80
-8.99
-9.54
-9.38
-9.45
-8.22
-8.09
-8.59
-9.82
-9.89
-9.13
-9.26
-9.41
-9.52
-9.60
-8.68
-7.93
-8.42
-8.42
-9.09
-9.88
-9.11
-8.82
-9.13
-9.54
-9.21
-10.27
-10.37
-9.52
-9.48
-9.53
-9.55
-8.92
-10.61
-10.00
-9.34
-9.42
-8.32
-8.90
-9.50
-9.46
-9.39
-9.47
-9.61
-8.59
-8.69
-9.34
-8.30
-8.73
-9.40
-9.96
-10.00
-9.82
-9.34
-8.91
-9.15
-9.02
-8.80
-8.81
-9.14
-9.70
-9.66
-9.55
-9.63
-9.33
-9.55
-9.42
-9.48
-9.44
-9.23
-9.24
-9.22
-9.29
-9.41
-9.49
-9.31
-9.22
-9.03
-9.15
-9.54
-9.52
-9.35
-9.51
-9.06
-9.15
-9.22
-9.04
-9.28
-9.45
-9.11
-9.33
-9.43
-9.57
-9.51
-9.21
-8.99
-8.81
-9.23
-9.20
-9.02
-10.03
-8.54
-8.99
-10.33
-9.90
-9.32
-10.13
-9.93
-9.95
-10.07
-9.79
-9.46
-9.13
-9.16
-9.44
-9.81
-10.09
-10.18
-9.56
-8.16
-7.17
-7.60
-9.18
-10.26
-9.80
-11.03
-8.42
-8.31
-9.57
-9.60
-9.14
-9.33
-9.68
-9.85
-9.68
-9.29
-9.28
-8.97
-9.41
-9.05
-9.17
-7.88
-9.33
-9.21
-9.04
-9.02
-9.57
-9.80
-9.86
-9.67
-9.68
-9.58
-9.42
-9.41
-9.12
-9.42
-9.53
-9.48
-9.32
-9.24
-9.31
-9.03
-9.32
-9.36
-9.40
-9.30
-9.19
-9.42
-9.24
-9.33
-9.46
-9.15
-9.36
-9.40
-9.32
-9.43
-9.34
-9.23
-9.26
-9.29
-9.34
-9.36
-9.44
-9.32
-9.34
-9.27
-9.35
-9.38
-9.35
-9.29
-9.31
-9.35
-9.35
-9.35
-9.41
-9.45
-9.37
-9.33
-9.25
-9.18
-9.19
-9.19
-9.30
-9.26
-9.35
-9.40
-9.37
-9.39
-9.39
-9.32
-9.26
-9.15
-9.18
-9.20
-9.25
-9.33
-9.35
-9.33
-9.41
-9.40
-9.39
-9.39
-9.35
-9.31
-9.27
-9.20
-9.19
-9.25
-9.29
-9.35
-9.39
-9.40
-9.40
-9.37
-9.36
-9.34
-9.39
-9.35
-9.34
-9.31
-9.28
-9.28
-9.27
-9.22
-9.30
-9.34
-9.37
-9.40
-9.30
-9.22
-9.20
-9.25
-9.23
-9.28
-9.32
-9.34
-9.35
-9.43
-9.39
-9.37
-9.31
-9.26
-9.22
-9.18
-9.25
-9.25
-9.31
-9.34
-9.35
-9.46
-9.42
-9.37
-9.33
-9.26
-9.21
-9.23
-9.26
-9.19
-9.30
-9.31
-9.36
-9.38
-9.41
-9.35
-9.30
-9.27
-9.27
-9.33
-9.33
-9.39
-9.35
-9.31
-9.29
-9.33
-9.36
-9.32
-9.32
-9.27
-9.29
-9.27
-9.30
-9.33
-9.40
-9.39
-9.39
-9.36
-9.36
-9.33
-9.30
-9.33
-9.27
-9.24
-9.22
-9.30
-9.31
-9.35
-9.37
-9.33
-9.31
-9.31
-9.31
-9.32
-9.29
-9.29
-9.34
-9.28
-9.31
-9.33
-9.34
-9.33
-9.37
-9.35
-9.28
-9.27
-9.26
-9.26
-9.32
-9.39
-9.38
-9.37
-9.40
-9.41
-9.36
-9.25
-9.22
-9.24
-9.30
-9.34
-9.35
-9.37
-9.35
-9.31
-9.40
-9.39
-9.43
-9.36
-9.33
-9.33
-9.30
-9.28
-9.32
-9.30
-9.30
-9.31
-9.29
-9.25
-9.22
-9.29
-9.24
-9.26
-9.38
-9.39
-9.39
-9.43
-9.31
-9.25
-9.23
-9.22
-9.21
-9.22
-9.25
-9.32
-9.42
-9.42
-9.44
-9.45
-9.35
-9.22
-9.19
-9.22
-9.24
-9.28
-9.34
-9.37
-9.41
-9.41
-9.45
-9.50
-9.35
-9.22
-9.18
-9.17
-9.21
-9.23
-9.32
-9.34
-9.39
-9.40
-9.42
-9.47
-9.47
-9.54
-9.47
-9.18
-9.23
-9.14
-9.23
-9.21
-9.35
-9.35
-9.25
-9.21
-9.32
-9.35
-9.33
-9.39
-9.35
-9.23
-9.18
-9.22
-9.19
-9.11
-9.12
-9.21
-9.38
-9.49
-9.45
-9.41
-9.31
-9.20
-9.09
-8.99
-8.54
-8.70
-9.40
-10.01
-9.47
-9.20
-9.43
-9.63
-9.72
-9.71
-9.48
-9.30
-9.40
-13.07
-12.61
-7.46
-9.01
-9.19
-8.37
-8.36
-9.57
-9.32
-8.84
-8.92
-9.22
-9.62
-9.80
-9.77
-9.72
-9.68
-9.27
-9.15
-8.98
-8.86
-8.93
-9.06
-9.33
-9.50
-9.56
-9.28
-9.47
-9.38
-9.54
-9.29
-9.35
-9.42
-9.24
-9.27
-10.19
-9.70
-9.83
-7.90
-9.65
-8.96
-8.98
-10.85
-6.28
-8.63
-14.78
-8.48
-7.75
-7.85
-6.52
-8.50
-8.24
-6.83
-6.83
-6.24
-11.79
-8.18
-8.37
-8.88
-8.61
-9.58
-9.90
-10.80
-10.75
-10.52
-7.10
-6.03
-4.86
-4.19
-8.76
-8.40
-6.63
-8.88
-8.80
-9.96
-9.36
-9.64
-8.80
-8.75
-9.28
-9.39
-9.17
-9.22
-8.99
-9.22
-8.99
-9.33
-9.00
-9.30
-9.38
-9.56
-9.39
-9.08
-9.53
-9.06
-9.47
-9.30
-9.35
-9.19
-9.28
-9.22
-9.26
-9.17
-9.24
-9.25
-9.25
-9.35
-9.37
-9.39
-9.37
-9.36
-9.37
-9.38
-9.30
-9.24
-9.22
-9.21
-9.22
-9.30
-9.32
-9.40
-9.38
-9.30
-9.26
-9.25
-9.27
-9.28
-9.32
-9.33
-9.33
-9.32
-9.31
-9.32
-9.34
-9.28
-9.28
-9.31
-9.35
-9.29
-9.32
-9.27
-9.27
-9.26
-9.30
-9.32
-9.30
-9.31
-9.33
-9.36
-9.31
-9.30
-9.31
-9.24
-9.29
-9.34
-9.36
-9.41
-9.26
-9.34
-9.23
-9.25
-9.23
-9.34
-9.31
-9.42
-9.39
-9.39
-9.32
-9.28
-9.20
-9.21
-9.29
-9.34
-9.32
-9.31
-9.38
-9.26
-9.28
-9.34
-9.39
-9.37
-9.33
-9.26
-9.23
-9.25
-9.15
-9.22
-9.16
-9.10
-9.49
-9.45
-9.42
-9.34
-9.35
-9.35
-9.31
-9.28
-9.31
-9.35
-9.34
-10.54
-9.67
-9.09
-9.13
-9.00
-8.23
-9.20
-9.48
-9.24
-9.38
-9.38
-9.43
-9.45
-9.51
-9.48
-9.38
-9.36
-9.29
-9.18
-9.26
-9.44
-9.13
-9.08
-9.37
-9.25
-9.24
-9.29
-9.44
-9.34
-9.35
-9.36
-9.34
-9.31
-9.26
-9.31
-9.31
-9.28
-9.26
-9.28
-9.25
-9.27
-9.27
-9.31
-9.31
-9.33
-9.29
-9.28
-9.32
-9.32
-9.29
-9.33
-9.31
-9.27
-9.26
-9.32
-9.29
-9.29
-9.28
-9.30
-9.30
-9.31
-9.32
-9.33
-9.32
-9.30
-9.28
-9.28
-9.26
-9.30
-9.31
-9.29
-9.28
-9.26
-9.32
-9.29
-9.28
-9.31
-9.32
-9.31
-9.28
-9.26
-9.32
-9.31
-9.31
-9.29
-9.25
-9.27
-9.29
-9.30
-9.30
-9.27
-9.34
-9.32
-9.26
-9.26
-9.30
-9.30
-9.31
-9.33
-9.30
-9.27
-9.32
-9.33
-9.29
-9.30
-9.30
-9.26
-9.34
-9.34
-9.35
-9.32
-9.32
-9.32
-9.32
-9.28
-9.27
-9.29
-9.28
-9.25
-9.29
-9.28
-9.28
-9.28
-9.29
-9.30
-9.33
-9.33
-9.27
-9.30
-9.30
-9.31
-9.28
-9.28
-9.27
-9.29
-9.25
-9.31
-9.33
-9.31
-9.25
-9.30
-9.29
-9.28
-9.28
-9.30
-9.25
-9.32
-9.33
-9.30
-9.26
-9.30
-9.30
-9.32
-9.30
-9.27
-9.29
-9.29
-9.32
-9.33
-9.29
-9.30
-9.28
-9.30
-9.30
-9.29
-9.28
-9.30
-9.26
-9.26
-9.32
-9.30
-9.28
-9.25
-9.29
-9.29
-9.25
-9.32
-9.24
-9.29
-9.32
-9.30
-9.29
-9.31
-9.31
-9.31
-9.28
-9.30
-9.28
-9.29
-9.29
-9.31
-9.29
-9.29
-9.30
-9.27
-9.33
-9.32
-9.30
-9.30
-9.29
-9.29
-9.28
-9.28
-9.29
-9.31
-9.28
-9.33
-9.34
-9.30
-9.29
-9.32
-9.33
-9.32
-9.32
-9.32
-9.31
-9.32
-9.30
-9.32
-9.32
-9.29
-9.31
-9.30
-9.30
-9.28
-9.27
-9.27
-9.29
-9.25
-9.27
-9.22
-9.26
-9.31
-9.29
-9.31
-9.32
-9.31
-9.30
-9.30
-9.29
-9.30
-9.28
-9.28
-9.30
-9.31
-9.27
-9.28
-9.29
-9.30
-9.30
-9.31
-9.34
-9.27
-9.30
-9.32
-9.29
-9.26
-9.33
-9.31
-9.29
-9.31
-9.28
-9.28
-9.29
-9.32
-9.31
-9.31
-9.33
-9.27
-9.28
-9.26
-9.28
-9.33
-9.28
-9.27
-9.29
-9.28
-9.28
-9.28
-9.31
-9.25
-9.31
-9.29
-9.31
-9.32
-9.30
-9.26
-9.31
-9.28
-9.28
-9.31
-9.28
-9.30
-9.32
-9.29
-9.26
-9.27
-9.29
-9.34
-9.25
-9.29
-9.29
-9.30
-9.31
-9.29
-9.33
-9.33
-9.29
-9.29
-9.34
-9.33
-9.30
-9.30
-9.29
-9.29
-9.31
-9.30
-9.31
-9.31
-9.31
-9.26
-9.32
-9.26
-9.32
-9.32
-9.32
-9.31
-9.28
-9.30
-9.34
-9.30
-9.33
-9.31
-9.32
-9.28
-9.30
-9.28
-9.31
-9.29
-9.28
-9.31
-9.26
-9.27
-9.32
-9.29
-9.30
-9.36
-9.30
-9.30
-9.30
-9.28
-9.30
-9.27
-9.27
-9.29
-9.26
-9.31
-9.31
-9.28
-9.30
-9.29
-9.30
-9.29
-9.31
-9.33
-9.29
-9.29
-9.28
-9.27
-9.30
-9.32
-9.31
-9.26
-9.27
-9.30
-9.28
-9.31
-9.28
-9.31
-9.30
-9.28
-9.31
-9.28
-9.29
-9.31
-9.26
-9.28
-9.31
-9.32
-9.30
-9.28
-9.30
-9.30
-9.33
-9.30
-9.34
-9.28
-9.29
-9.28
-9.29
-9.29
-9.28
-9.28
-9.29
-9.30
-9.29
-9.30
-9.32
-9.31
-9.31
-9.29
-9.30
-9.29
-9.29
-9.32
-9.32
-9.31
-9.34
-9.31
-9.24
-9.28
-9.32
-9.28
-9.29
-9.27
-9.30
-9.31
-9.33
-9.29
-9.31
-9.28
-9.29
-9.26
-9.31
-9.29
-9.26
-9.29
-9.30
-9.34
-9.32
-9.28
-9.33
-9.31
-9.29
-9.26
-9.29
-9.28
-9.32
-9.28
-9.29
-9.30
-9.32
-9.30
-9.28
-9.33
-9.29
-9.27
-9.31
-9.30
-9.30
-9.29
-9.32
-9.29
-9.29
-9.30
-9.29
-9.28
-9.27
-9.30
-9.33
-9.31
-9.28
-9.31
-9.31
-9.31
-9.31
-9.26
-9.29
-9.28
-9.29
-9.29
-9.30
-9.33
-9.32
-9.30
-9.30
-9.29
-9.31
-9.28
-9.26
-9.29
-9.28
-9.28
-9.27
-9.32
-9.32
-9.32
-9.32
-9.30
-9.29
-9.33
-9.34
-9.33
-9.32
-9.26
-9.32
-9.35
-9.35
-9.29
-9.26
-9.30
-9.30
-9.31
-9.32
-9.28
-9.26
-9.29
-9.28
-9.28
-9.26
-9.33
-9.28
-9.29
-9.27
-9.31
-9.31
-9.32
-9.30
-9.32
-9.32
-9.27
-9.28
-9.28
-9.29
-9.34
-9.29
-9.32
-9.31
-9.31
-9.33
-9.28
-9.30
-9.29
-9.32
-9.29
-9.31
-9.29
-9.31
-9.30
-9.32
-9.29
-9.29
-9.28
-9.32
-9.32
-9.29
-9.30
-9.28
-9.31
-9.32
-9.29
-9.31
-9.33
-9.30
-9.28
-9.30
-9.29
-9.31
-9.30
-9.30
-9.33
-9.28
-9.31
-9.36
-9.32
-9.33
-9.33
-9.31
-9.30
-9.30
-9.33
-9.29
-9.33
-9.29
-9.29
-9.30
-9.29
-9.46
-9.27
-9.17
-9.22
-9.36
-9.25
-9.32
-9.37
-9.32
-9.32
-9.29
-9.31
-9.31
-9.31
-9.30
-9.28
-9.29
-9.31
-9.31
-9.36
-9.33
-9.29
-9.30
-9.33
-9.27
-9.32
-9.31
-9.31
-9.32
-9.31
-9.32
-9.30
-9.31
-9.27
-9.34
-9.32
-9.32
-9.34
-9.32
-9.29
-9.31
-9.32
-9.35
-9.32
-9.27
-9.29
-9.34
-9.30
-9.35
-9.34
-9.32
-9.30
-9.32
-9.30
-9.35
-9.28
-9.29
-9.30
-9.27
-9.32
-9.34
-9.38
-9.30
-9.30
-9.31
-9.29
-9.35
-9.35
-9.35
-9.31
-9.33
-9.35
-9.30
-9.28
-9.29
-9.33
-9.29
-9.30
-9.30
-9.30
-9.29
-9.32
-9.34
-9.32
-9.31
-9.29
-9.29
-9.30
-9.30
-9.28
-9.31
-9.32
-9.36
-9.32
-9.30
-9.30
-9.33
-9.29
-9.31
-9.31
-9.33
-9.31
-9.35
-9.33
-9.31
-9.28
-9.30
-9.30
-9.31
-9.34
-9.32
-9.34
-9.31
-9.30
-9.27
-9.34
-9.32
-9.32
-9.31
-9.31
-9.28
-9.30
-9.30
-9.26
-9.32
-9.31
-9.31
-9.32
-9.28
-9.30
-9.31
-9.31
-9.26
-9.28
-9.32
-9.32
-9.31
-9.30
-9.31
-9.30
-9.29
-9.27
-9.34
-9.27
-9.31
-9.32
-9.32
-9.26
-9.31
-9.30
-9.30
-9.30
-9.28
-9.35
-9.31
-9.36
-9.31
-9.26
-9.25
-9.31
-9.33
-9.31
-9.29
-9.27
-9.29
-9.29
-9.32
-9.28
-9.32
-9.31
-9.33
-9.30
-9.30
-9.33
-9.31
-9.31
-9.30
-9.32
-9.30
-9.29
-9.35
-9.32
-9.32
-9.33
-9.36
-9.30
-9.35
-9.30
-9.28
-9.31
-9.31
-9.29
-9.31
-9.30
-9.31
-9.31
-9.34
-9.30
-9.28
-9.33
-9.29
-9.28
-9.34
-9.33
-9.31
-9.32
-9.31
-9.30
-9.30
-9.27
-9.35
-9.30
-9.30
-9.30
-9.27
-9.31
-9.29
-9.32
-9.32
-9.32
-9.31
-9.32
-9.32
-9.24
-9.31
-9.35
-9.28
-9.34
-9.33
-9.24
-9.29
-9.32
-9.29
-9.27
-9.32
-9.32
-9.32
-9.34
-9.29
-9.32
-9.31
-9.31
-9.29
-9.32
-9.34
-9.27
-9.36
-9.28
-9.28
-9.27
-9.30
-9.33
-9.29
-9.33
-9.25
-9.33
-9.35
-9.32
-9.27
-9.34
-9.34
-9.24
-9.28
-9.37
-9.27
-9.26
-9.39
-9.28
-9.32
-9.35
-9.32
-9.34
-9.31
-9.30
-9.32
-9.31
-9.32
-9.27
-9.32
-9.27
-9.32
-9.32
-9.35
-9.30
-9.25
-9.34
-9.31
-9.34
-9.32
-9.29
-9.32
-9.35
-9.31
-9.33
-9.30
-9.33
-9.31
-9.28
-9.29
-9.33
-9.31
-9.30
-9.33
-9.28
-9.30
-9.29
-9.32
-9.33
-9.36
-9.27
-9.33
-9.34
-9.34
-9.30
-9.31
-9.31
-9.33
-9.33
-9.31
-9.25
-9.32
-9.28
-9.31
-9.31
-9.30
-9.30
-9.28
-9.38
-9.29
-9.32
-9.35
-9.35
-9.28
-9.33
-9.36
-9.31
-9.30
-9.30
-9.31
-9.32
-9.31
-9.26
-9.33
-9.31
-9.33
-9.32
-9.27
-9.33
-9.33
-9.27
-9.29
-9.34
-9.30
-9.32
-9.31
-9.28
-9.31
-9.29
-9.28
-9.29
-9.39
-9.33
-9.33
-9.32
-9.31
-9.31
-9.30
-9.27
-9.33
-9.33
-9.26
-9.33
-9.30
-9.29
-9.34
-9.30
-9.32
-9.29
-9.32
-9.28
-9.29
-9.31
-9.27
-9.25
-9.27
-9.27
-9.34
-9.33
-9.29
-9.32
-9.38
-9.32
-9.28
-9.33
-9.30
-9.30
-9.30
-9.31
-9.30
-9.33
-9.30
-9.32
-9.33
-9.22
-9.39
-9.39
-9.43
-9.28
-9.21
-9.35
-9.23
-9.36
-9.22
-9.30
-9.28
-9.37
-9.37
-9.29
-9.29
-9.30
-9.31
-9.27
-9.37
-9.31
-9.32
-9.33
-9.33
-9.33
-9.32
-9.33
-9.30
-9.33
-9.34
-9.32
-9.33
-9.29
-9.34
-9.32
-9.26
-9.33
-9.33
-9.31
-9.29
-9.33
-9.28
-9.26
-9.30
-9.34
-9.29
-9.28
-9.28
-9.30
-9.30
-9.35
-9.32
-9.33
-9.33
-9.31
-9.31
-9.35
-9.33
-9.33
-9.29
-9.32
-9.34
-9.31
-9.32
-9.31
-9.31
-9.25
-9.28
-9.32
-9.31
-9.33
-9.31
-9.29
-9.29
-9.34
-9.30
-9.31
-9.31
-9.33
-9.32
-9.30
-9.34
-9.31
-9.29
-9.38
-9.31
-9.25
-9.29
-9.34
-9.27
-9.29
-9.32
-9.32
-9.30
-9.32
-9.27
-9.33
-9.30
-9.33
-9.28
-9.33
-9.31
-9.30
-9.32
-9.31
-9.28
-9.31
-9.30
-9.30
-9.30
-9.30
-9.33
-9.29
-9.30
-9.33
-9.30
-9.30
-9.31
-9.28
-9.30
-9.37
-9.34
-9.32
-9.32
-9.30
-9.32
-9.30
-9.29
-9.34
-9.34
-9.32
-9.32
-9.29
-9.33
-9.33
-9.30
-9.33
-9.31
-9.30
-9.30
-9.32
-9.30
-9.31
-9.31
-9.33
-9.31
-9.28
-9.28
-9.34
-9.33
-9.30
-9.32
-9.30
-9.32
-9.28
-9.29
-9.31
-9.30
-9.32
-9.32
-9.29
-9.32
-9.30
-9.30
-9.32
-9.31
-9.34
-9.35
-9.27
-9.31
-9.32
-9.33
-9.32
-9.33
-9.33
-9.34
-9.32
-9.30
-9.33
-9.31
-9.37
-9.30
-9.30
-9.33
-9.33
-9.33
-9.32
-9.27
-9.33
-9.30
-9.31
-9.32
-9.27
-9.29
-9.35
-9.31
-9.29
-9.31
-9.28
-9.31
-9.29
-9.31
-9.28
-9.29
-9.36
-9.32
-9.30
-9.27
-9.32
-9.31
-9.29
-9.30
-9.32
-9.30
-9.30
-9.29
-9.29
-9.35
-9.32
-9.31
-9.35
-9.27
-9.28
-9.32
-9.34
-9.33
-9.29
-9.27
-9.32
-9.33
-9.33
-9.30
-9.31
-9.35
-9.30
-9.35
-9.31
-9.33
-9.34
-9.32
-9.30
-9.31
-9.30
-9.34
-9.31
-9.32
-9.29
-9.29
-9.30
-9.35
-9.33
-9.32
-9.28
-9.35
-9.29
-9.33
-9.29
-9.31
-9.28
-9.31
-9.29
-9.30
-9.30
-9.26
-9.28
-9.31
-9.33
-9.29
-9.31
-9.30
-9.30
-9.30
-9.35
-9.32
-9.31
-9.32
-9.31
-9.26
-9.34
-9.30
-9.24
-9.31
-9.32
-9.30
-9.33
-9.32
-9.34
-9.31
-9.30
-9.31
-9.29
-9.32
-9.30
-9.30
-9.31
-9.32
-9.28
-9.33
-9.30
-9.31
-9.33
-9.32
-9.27
-9.29
-9.34
-9.30
-9.32
-9.31
-9.32
-9.33
-9.28
-9.30
-9.29
-9.30
-9.33
-9.31
-9.29
-9.30
-9.28
-9.28
-9.34
-9.36
-9.33
-9.30
-9.31
-9.34
-9.29
-9.31
-9.29
-9.34
-9.34
-9.30
-9.30
-9.32
-9.27
-9.29
-9.33
-9.32
-9.29
-9.27
-9.30
-9.31
-9.29
-9.29
-9.33
-9.32
-9.30
-9.30
-9.34
-9.29
-9.30
-9.31
-9.32
-9.31
-9.29
-9.29
-9.31
-9.37
-9.33
-9.26
-9.29
-9.27
-9.28
-9.32
-9.27
-9.26
-9.30
-9.30
-9.34
-9.30
-9.35
-9.34
-9.34
-9.28
-9.34
-9.29
-9.32
-9.34
-9.30
-9.31
-9.31
-9.31
-9.28
-9.31
-9.28
-9.28
-9.27
-9.31
-9.30
-9.29
-9.31
-9.29
-9.31
-9.34
-9.34
-9.34
-9.29
-9.33
-9.34
-9.31
-9.35
-9.33
-9.34
-9.27
-9.30
-9.27
-9.32
-9.34
-9.27
-9.35
-9.30
-9.34
-9.31
-9.34
-9.25
-9.27
-9.26
-9.25
-9.28
-9.31
-9.29
-9.35
-9.38
-9.40
-9.29
-9.31
-9.33
-9.35
-9.34
-9.32
-9.28
-9.27
-9.28
-9.30
-9.33
-9.33
-9.34
-9.35
-9.28
-9.35
-9.32
-9.34
-9.29
-9.29
-9.34
-9.33
-9.33
-9.33
-9.28
-9.34
-9.27
-9.30
-9.30
-9.28
-9.28
-9.32
-9.32
-9.29
-9.30
-9.29
-9.32
-9.31
-9.31
-9.33
-9.32
-9.30
-9.32
-9.30
-9.32
-9.33
-9.33
-9.33
-9.33
-9.29
-9.32
-9.33
-9.31
-9.28
-9.32
-9.33
-9.36
-9.32
-9.34
-9.33
-9.31
-9.33
-9.33
-9.32
-9.32
-9.32
-9.33
-9.32
-9.34
-9.29
-9.32
-9.29
-9.33
-9.32
-9.26
-9.28
-9.29
-9.28
-9.34
-9.33
-9.30
-9.28
-9.33
-9.38
-9.33
-9.32
-9.31
-9.32
-9.32
-9.33
-9.30
-9.30
-9.29
-9.30
-9.29
-9.33
-9.35
-9.31
-9.30
-9.29
-9.29
-9.29
-9.31
-9.32
-9.29
-9.33
-9.33
-9.30
-9.27
-9.28
-9.32
-9.28
-9.31
-9.31
-9.31
-9.30
-9.28
-9.32
-9.29
-9.30
-9.32
-9.33
-9.29
-9.34
-9.33
-9.30
-9.31
-9.30
-9.27
-9.30
-9.30
-9.29
-9.29
-9.32
-9.28
-9.28
-9.31
-9.29
-9.28
-9.30
-9.30
-9.32
-9.31
-9.35
-9.32
-9.27
-9.33
-9.30
-9.29
-9.31
-9.30
-9.27
-9.31
-9.31
-9.31
-9.33
-9.25
-9.33
-9.26
-9.30
-9.29
-9.29
-9.29
-9.31
-9.32
-9.30
-9.33
-9.34
-9.32
-9.28
-9.32
-9.28
-9.29
-9.32
-9.32
-9.32
-9.29
-9.32
-9.29
-9.31
-9.32
-9.32
-9.30
-9.30
-9.29
-9.31
-9.32
-9.31
-9.34
-9.30
-9.32
-9.33
-9.29
-9.28
-9.33
-9.32
-9.30
-9.31
-9.31
-9.31
-9.31
-9.29
-9.28
-9.30
-9.26
-9.31
-9.31
-9.29
-9.31
-9.35
-9.30
-9.26
-9.30
-9.32
-9.29
-9.31
-9.32
-9.33
-9.29
-9.33
-9.30
-9.30
-9.24
-9.31
-9.30
-9.30
-9.26
-9.27
-9.29
-9.33
-9.28
-9.28
-9.29
-9.33
-9.28
-9.28
-9.30
-9.32
-9.29
-9.29
-9.26
-9.27
-9.27
-9.31
-9.34
-9.32
-9.33
-9.31
-9.29
-9.29
-9.27
-9.30
-9.25
-9.29
-9.31
-9.34
-9.34
-9.28
-9.30
-9.24
-9.30
-9.35
-9.33
-9.29
-9.29
-9.31
-9.31
-9.29
-9.33
-9.31
-9.31
-9.33
-9.31
-9.36
-9.25
-9.31
-9.26
-9.35
-9.33
-9.32
-9.30
-9.31
-9.26
-9.29
-9.26
-9.31
-9.30
-9.28
-9.29
-9.31
-9.33
-9.26
-9.28
-9.36
-9.33
-9.32
-9.37
-9.28
-9.31
-9.34
-9.30
-9.31
-9.26
-9.29
-9.32
-9.31
-9.31
-9.35
-9.31
-9.29
-9.35
-9.34
-9.32
-9.32
-9.32
-9.30
-9.31
-9.30
-9.31
-9.29
-9.32
-9.27
-9.30
-9.35
-9.30
-9.31
-9.33
-9.34
-9.33
-9.31
-9.31
-9.31
-9.33
-9.27
-9.33
-9.33
-9.27
-9.31
-9.37
-9.30
-9.30
-9.30
-9.32
-9.28
-9.35
-9.28
-9.30
-9.31
-9.31
-9.35
-9.34
-9.33
-9.31
-9.29
-9.32
-9.30
-9.30
-9.32
-9.34
-9.28
-9.32
-9.33
-9.31
-9.31
-9.29
-9.30
-9.31
-9.30
-9.29
-9.29
-9.31
-9.32
-9.27
-9.34
-9.38
-9.33
-9.30
-9.24
-9.31
-9.28
-9.31
-9.32
-9.30
-9.32
-9.27
-9.29
-9.30
-9.33
-9.29
-9.29
-9.36
-9.28
-9.31
-9.34
-9.31
-9.31
-9.29
-9.29
-9.36
-9.31
-9.28
-9.26
-9.26
-9.29
-9.33
-9.29
-9.25
-9.29
-9.32
-9.31
-9.31
-9.34
-9.33
-9.31
-9.30
-9.28
-9.33
-9.31
-9.32
-9.32
-9.30
-9.26
-9.30
-9.33
-9.23
-9.32
-9.29
-9.27
-9.34
-9.29
-9.30
-9.31
-9.33
-9.32
-9.33
-9.33
-9.28
-9.32
-9.33
-9.29
-9.35
-9.32
-9.31
-9.30
-9.29
-9.30
-9.35
-9.30
-9.31
-9.28
-9.29
-9.29
-9.33
-9.31
-9.32
-9.35
-9.31
-9.29
-9.30
-9.31
-9.29
-9.30
-9.33
-9.30
-9.33
-9.31
-9.31
-9.28
-9.30
-9.28
-9.33
-9.31
-9.30
-9.31
-9.29
-9.33
-9.30
-9.29
-9.29
-9.27
-9.29
-9.29
-9.30
-9.31
-9.32
-9.30
-9.30
-9.28
-9.30
-9.29
-9.32
-9.30
-9.32
-9.32
-9.29
-9.32
-9.29
-9.31
-9.33
-9.29
-9.32
-9.30
-9.29
-9.32
-9.31
-9.29
-9.29
-9.31
-9.27
-9.29
-9.35
-9.31
-9.31
-9.29
-9.29
-9.31
-9.29
-9.30
-9.30
-9.31
-9.30
-9.35
-9.31
-9.32
-9.27
-9.30
-9.32
-9.31
-9.33
-9.33
-9.30
-9.29
-9.30
-9.31
-9.30
-9.35
-9.32
-9.29
-9.30
-9.27
-9.35
-9.31
-9.29
-9.31
-9.31
-9.28
-9.34
-9.31
-9.29
-9.32
-9.29
-9.35
-9.29
-9.32
-9.33
-9.31
-9.30
-9.29
-9.30
-9.31
-9.32
-9.31
-9.32
-9.28
-9.33
-9.30
-9.30
-9.31
-9.29
-9.29
-9.27
-9.33
-9.30
-9.31
-9.33
-9.31
-9.31
-9.33
-9.29
-9.31
-9.33
-9.31
-9.30
-9.33
-9.32
-9.29
-9.36
-9.28
-9.31
-9.31
-9.33
-9.28
-9.34
-9.30
-9.30
-9.33
-9.29
-9.28
-9.29
-9.35
-9.29
-9.34
-9.30
-9.31
-9.38
-9.31
-9.31
-9.30
-9.30
-9.35
-9.29
-9.27
-9.29
-9.29
-9.28
-9.30
-9.31
-9.30
-9.32
-9.32
-9.30
-9.32
-9.34
-9.29
-9.32
-9.33
-9.30
-9.33
-9.34
-9.34
-9.30
-9.29
-9.28
-9.29
-9.31
-9.33
-9.31
-9.32
-9.26
-9.34
-9.34
-9.33
-9.31
-9.31
-9.32
-9.35
-9.31
-9.32
-9.32
-9.31
-9.33
-9.31
-9.31
-9.28
-9.29
-9.34
-9.29
-9.34
-9.27
-9.27
-9.25
-9.28
-9.30
-9.30
-9.32
-9.27
-9.34
-9.33
-9.32
-9.33
-9.28
-9.33
-9.29
-9.30
-9.29
-9.29
-9.32
-9.31
-9.30
-9.33
-9.31
-9.31
-9.30
-9.29
-9.30
-9.33
-9.32
-9.36
-9.32
-9.31
-9.29
-9.32
-9.33
-9.31
-9.28
-9.32
-9.33
-9.26
-9.26
-9.31
-9.31
-9.27
-9.33
-9.28
-9.31
-9.34
-9.31
-9.31
-9.33
-9.32
-9.32
-9.29
-9.26
-9.28
-9.32
-9.33
-9.27
-9.31
-9.29
-9.30
-9.27
-9.27
-9.28
-9.32
-9.32
-9.30
-9.33
-9.28
-9.32
-9.33
-9.31
-9.31
-9.34
-9.31
-9.30
-9.25
-9.30
-9.31
-9.30
-9.31
-9.30
-9.32
-9.31
-9.30
-9.32
-9.28
-9.28
-9.32
-9.29
-9.28
-9.34
-9.34
-9.32
-9.30
-9.26
-9.31
-9.32
-9.34
-9.28
-9.28
-9.30
-9.30
-9.36
-9.32
-9.27
-9.29
-9.32
-9.30
-9.30
-9.30
-9.30
-9.30
-9.33
-9.36
-9.33
-9.33
-9.35
-9.30
-9.29
-9.31
-9.32
-9.30
-9.30
-9.30
-9.30
-9.30
-9.33
-9.33
-9.30
-9.30
-9.32
-9.35
-9.32
-9.30
-9.31
-9.28
-9.31
-9.29
-9.33
-9.32
-9.30
-9.33
-9.34
-9.31
-9.33
-9.30
-9.31
-9.27
-9.27
-9.31
-9.24
-9.32
-9.33
-9.35
-9.32
-9.31
-9.32
-9.30
-9.29
-9.31
-9.28
-9.30
-9.34
-9.26
-9.30
-9.32
-9.32
-9.28
-9.31
-9.29
-9.32
-9.30
-9.36
-9.31
-9.33
-9.33
-9.27
-9.29
-9.35
-9.32
-9.34
-9.32
-9.33
-9.33
-9.32
-9.30
-9.32
-9.29
-9.31
-9.32
-9.33
-9.28
-9.31
-9.31
-9.31
-9.27
-9.26
-9.24
-9.30
-9.32
-9.31
-9.32
-9.32
-9.35
-9.28
-9.32
-9.30
-9.34
-9.31
-9.25
-9.31
-9.31
-9.28
-9.35
-9.27
-9.27
-9.29
-9.31
-9.33
-9.32
-9.30
-9.34
-9.34
-9.28
-9.30
-9.28
-9.28
-9.35
-9.30
-9.32
-9.29
-9.32
-9.32
-9.32
-9.31
-9.31
-9.32
-9.33
-9.29
-9.30
-9.27
-9.33
-9.31
-9.30
-9.29
-9.27
-9.32
-9.29
-9.28
-9.30
-9.32
-9.27
-9.30
-9.29
-9.33
-9.30
-9.30
-9.35
-9.31
-9.27
-9.35
-9.28
-9.35
-9.31
-9.31
-9.30
-9.36
-9.32
-9.34
-9.32
-9.29
-9.29
-9.34
-9.31
-9.34
-9.30
-9.32
-9.36
-9.27
-9.28
-9.28
-9.29
-9.33
-9.30
-9.30
-9.31
-9.30
-9.34
-9.28
-9.33
-9.28
-9.29
-9.32
-9.28
-9.29
-9.32
-9.30
-9.29
-9.29
-9.32
-9.31
-9.25
-9.27
-9.31
-9.32
-9.32
-9.32
-9.31
-9.29
-9.36
-9.33
-9.31
-9.33
-9.36
-9.33
-9.32
-9.35
-9.34
-9.29
-9.32
-9.35
-9.32
-9.32
-9.28
-9.28
-9.29
-9.30
-9.31
-9.27
-9.25
-9.34
-9.31
-9.28
-9.32
-9.30
-9.27
-9.30
-9.29
-9.35
-9.31
-9.29
-9.32
-9.31
-9.29
-9.26
-9.32
-9.34
-9.30
-9.29
-9.29
-9.27
-9.29
-9.34
-9.34
-9.28
-9.31
-9.30
-9.31
-9.33
-9.31
-9.26
-9.30
-9.33
-9.30
-9.31
-9.26
-9.32
-9.35
-9.32
-9.31
-9.28
-9.27
-9.31
-9.32
-9.33
-9.29
-9.31
-9.31
-9.35
-9.31
-9.33
-9.28
-9.31
-9.32
-9.29
-9.29
-9.34
-9.31
-9.29
-9.31
-9.32
-9.28
-9.32
-9.35
-9.32
-9.27
-9.31
-9.29
-9.31
-9.30
-9.32
-9.33
-9.33
-9.29
-9.32
-9.32
-9.33
-9.32
-9.31
-9.30
-9.28
-9.34
-9.27
-9.33
-9.33
-9.31
-9.30
-9.26
-9.32
-9.28
-9.34
-9.28
-9.32
-9.31
-9.33
-9.33
-9.31
-9.29
-9.26
-9.32
-9.28
-9.33
-9.33
-9.35
-9.30
-9.28
-9.31
-9.32
-9.30
-9.31
-9.33
-9.33
-9.29
-9.31
-9.32
-9.26
-9.33
-9.33
-9.31
-9.28
-9.32
-9.29
-9.31
-9.31
-9.32
-9.31
-9.30
-9.34
-9.33
-9.25
-9.28
-9.32
-9.27
-9.31
-9.32
-9.32
-9.32
-9.26
-9.24
-9.29
-9.29
-9.32
-9.31
-9.27
-9.32
-9.32
-9.33
-9.31
-9.35
-9.31
-9.29
-9.35
-9.30
-9.34
-9.29
-9.29
-9.31
-9.26
-9.27
-9.32
-9.35
-9.30
-9.32
-9.31
-9.31
-9.34
-9.31
-9.33
-9.31
-9.30
-9.30
-9.33
-9.28
-9.33
-9.32
-9.31
-9.30
-9.31
-9.31
-9.34
-9.30
-9.33
-9.34
-9.32
-9.28
-9.34
-9.33
-9.33
-9.28
-9.33
-9.32
-9.30
-9.28
-9.29
-9.30
-9.30
-9.33
-9.32
-9.32
-9.32
-9.33
-9.36
-9.30
-9.32
-9.34
-9.30
-9.27
-9.33
-9.35
-9.32
-9.34
-9.33
-9.29
-9.32
-9.32
-9.30
-9.30
-9.28
-9.32
-9.33
-9.32
-9.31
-9.30
-9.33
-9.32
-9.28
-9.32
-9.29
-9.28
-9.34
-9.26
-9.29
-9.31
-9.34
-9.33
-9.28
-9.25
-9.31
-9.27
-9.33
-9.32
-9.29
-9.32
-9.31
-9.30
-9.30
-9.29
-9.30
-9.32
-9.28
-9.30
-9.30
-9.30
-9.29
-9.27
-9.32
-9.31
-9.30
-9.29
-9.31
-9.31
-9.30
-9.32
-9.33
-9.31
-9.29
-9.28
-9.29
-9.32
-9.30
-9.28
-9.33
-9.32
-9.31
-9.31
-9.31
-9.33
-9.27
-9.32
-9.35
-9.34
-9.27
-9.27
-9.30
-9.32
-9.28
-9.29
-9.29
-9.32
-9.31
-9.28
-9.33
-9.29
-9.33
-9.33
-9.31
-9.31
-9.31
-9.28
-9.27
-9.36
-9.32
-9.32
-9.32
-9.34
-9.30
-9.35
-9.35
-9.28
-9.36
-9.30
-9.31
-9.33
-9.34
-9.32
-9.27
-9.31
-9.34
-9.31
-9.33
-9.34
-9.33
-9.30
-9.31
-9.29
-9.32
-9.34
-9.34
-9.31
-9.31
-9.33
-9.33
-9.29
-9.31
-9.31
-9.32
-9.33
-9.31
-9.31
-9.33
-9.32
-9.31
-9.34
-9.33
-9.34
-9.31
-9.29
-9.30
-9.30
-9.32
-9.31
-9.27
-9.29
-9.30
-9.29
-9.31
-9.28
-9.32
-9.31
-9.29
-9.32
-9.33
-9.30
-9.28
-9.35
-9.35
-9.33
-9.29
-9.28
-9.32
-9.31
-9.33
-9.27
-9.34
-9.33
-9.28
-9.30
-9.27
-9.33
-9.26
-9.32
-9.29
-9.32
-9.32
-9.30
-9.33
-9.30
-9.34
-9.33
-9.33
-9.32
-9.31
-9.33
-9.32
-9.29
-9.34
-9.28
-9.31
-9.29
-9.33
-9.31
-9.31
-9.28
-9.28
-9.31
-9.32
-9.28
-9.30
-9.31
-9.31
-9.29
-9.34
-9.31
-9.31
-9.30
-9.32
-9.32
-9.31
-9.32
-9.33
-9.30
-9.27
-9.30
-9.32
-9.31
-9.28
-9.27
-9.27
-9.30
-9.31
-9.27
-9.32
-9.29
-9.29
-9.28
-9.34
-9.31
-9.28
-9.31
-9.29
-9.34
-9.28
-9.32
-9.31
-9.34
-9.31
-9.29
-9.32
-9.31
-9.34
-9.35
-9.31
-9.35
-9.34
-9.27
-9.28
-9.33
-9.31
-9.27
-9.29
-9.34
-9.28
-9.28
-9.28
-9.29
-9.28
-9.31
-9.31
-9.32
-9.32
-9.32
-9.30
-9.35
-9.31
-9.29
-9.31
-9.31
-9.31
-9.28
-9.23
-9.28
-9.24
-9.31
-9.35
-9.29
-9.30
-9.32
-9.33
-9.26
-9.32
-9.32
-9.27
-9.31
-9.29
-9.31
-9.31
-9.31
-9.31
-9.31
-9.33
-9.32
-9.30
-9.29
-9.32
-9.32
-9.37
-9.32
-9.29
-9.33
-9.33
-9.29
-9.31
-9.34
-9.32
-9.32
-9.28
-9.34
-9.30
-9.30
-9.31
-9.32
-9.27
-9.27
-9.27
-9.36
-9.30
-9.29
-9.33
-9.32
-9.30
-9.28
-9.29
-9.37
-9.34
-9.35
-9.31
-9.29
-9.34
-9.33
-9.29
-9.34
-9.31
-9.28
-9.35
-9.29
-9.31
-9.30
-9.30
-9.32
-9.32
-9.29
-9.29
-9.31
-9.32
-9.30
-9.31
-9.33
-9.35
-9.34
-9.30
-9.36
-9.30
-9.30
-9.27
-9.29
-9.27
-9.27
-9.33
-9.29
-9.34
-9.26
-9.37
-9.31
-9.33
-9.29
-9.27
-9.33
-9.34
-9.31
-9.31
-9.27
-9.29
-9.29
-9.31
-9.30
-9.33
-9.31
-9.32
-9.29
-9.28
-9.28
-9.34
-9.31
-9.30
-9.34
-9.31
-9.29
-9.33
-9.35
-9.30
-9.28
-9.27
-9.30
-9.29
-9.33
-9.29
-9.27
-9.32
-9.33
-9.28
-9.30
-9.33
-9.34
-9.30
-9.30
-9.27
-9.30
-9.31
-9.33
-9.32
-9.27
-9.29
-9.32
-9.32
-9.32
-9.35
-9.30
-9.30
-9.30
-9.30
-9.29
-9.31
-9.30
-9.31
-9.32
-9.25
-9.36
-9.28
-9.31
-9.29
-9.29
-9.30
-9.27
-9.34
-9.34
-9.30
-9.30
-9.31
-9.32
-9.30
-9.34
-9.33
-9.28
-9.30
-9.32
-9.35
-9.29
-9.30
-9.33
-9.33
-9.26
-9.28
-9.31
-9.37
-9.30
-9.33
-9.29
-9.25
-9.30
-9.30
-9.29
-9.33
-9.30
-9.30
-9.33
-9.30
-9.33
-9.30
-9.31
-9.29
-9.27
-9.33
-9.30
-9.26
-9.32
-9.31
-9.30
-9.32
-9.33
-9.31
-9.32
-9.32
-9.32
-9.30
-9.28
-9.33
-9.24
-9.29
-9.35
-9.33
-9.28
-9.35
-9.31
-9.26
-9.33
-9.32
-9.27
-9.28
-9.33
-9.28
-9.31
-9.31
-9.28
-9.32
-9.35
-9.30
-9.35
-9.35
-9.32
-9.34
-9.30
-9.30
-9.32
-9.32
-9.32
-9.33
-9.31
-9.33
-9.28
-9.28
-9.29
-9.31
-9.32
-9.32
-9.32
-9.28
-9.29
-9.30
-9.34
-9.29
-9.30
-9.29
-9.30
-9.32
-9.30
-9.30
-9.31
-9.31
-9.29
-9.29
-9.34
-9.34
-9.30
-9.29
-9.30
-9.32
-9.29
-9.32
-9.33
-9.31
-9.34
-9.32
-9.29
-9.29
-9.32
-9.36
-9.38
-9.32
-9.29
-9.31
-9.37
-9.30
-9.31
-9.29
-9.28
-9.30
-9.29
-9.30
-9.34
-9.33
-9.30
-9.30
-9.38
-9.34
-9.35
-9.29
-9.31
-9.29
-9.32
-9.31
-9.36
-9.35
-9.32
-9.35
-9.29
-9.31
-9.35
-9.33
-9.23
-9.35
-9.31
-9.34
-9.31
-9.36
-9.28
-9.25
-9.35
-9.30
-9.37
-9.28
-9.26
-9.35
-9.31
-9.33
-9.36
-9.33
-9.29
-9.30
-9.30
-9.26
-9.33
-9.32
-9.33
-9.28
-9.31
-9.32
-9.33
-9.30
-9.30
-9.32
-9.28
-9.33
-9.28
-9.28
-9.31
-9.31
-9.34
-9.33
-9.27
-9.31
-9.32
-9.31
-9.28
-9.30
-9.32
-9.30
-9.31
-9.30
-9.32
-9.27
-9.29
-9.30
-9.31
-9.32
-9.29
-9.29
-9.30
-9.33
-9.31
-9.31
-9.33
-9.31
-9.30
-9.30
-9.32
-9.30
-9.33
-9.27
-9.31
-9.29
-9.32
-9.28
-9.34
-9.32
-9.30
-9.29
-9.29
-9.34
-9.30
-9.36
-9.28
-9.31
-9.31
-9.32
-9.29
-9.32
-9.32
-9.30
-9.30
-9.30
-9.30
-9.30
-9.32
-9.29
-9.29
-9.31
-9.32
-9.32
-9.31
-9.30
-9.31
-9.30
-9.32
-9.27
-9.28
-9.31
-9.32
-9.32
-9.33
-9.26
-9.29
-9.27
-9.31
-9.34
-9.36
-9.32
-9.31
-9.29
-9.30
-9.25
-9.33
-9.29
-9.39
-9.32
-9.29
-9.29
-9.30
-9.30
-9.29
-9.32
-9.29
-9.29
-9.30
-9.32
-9.30
-9.32
-9.29
-9.32
-9.32
-9.31
-9.33
-9.31
-9.28
-9.29
-9.33
-9.30
-9.30
-9.28
-9.29
-9.30
-9.32
-9.32
-9.33
-9.30
-9.30
-9.31
-9.31
-9.32
-9.31
-9.32
-9.34
-9.34
-9.31
-9.31
-9.31
-9.33
-9.35
-9.33
-9.30
-9.31
-9.32
-9.31
-9.29
-9.32
-9.32
-9.33
-9.29
-9.33
-9.29
-9.31
-9.32
-9.33
-9.35
-9.35
-9.31
-9.30
-9.29
-9.31
-9.29
-9.29
-9.33
-9.33
-9.34
-9.34
-9.31
-9.32
-9.33
-9.35
-9.29
-9.29
-9.31
-9.33
-9.31
-9.31
-9.28
-9.30
-9.35
-9.31
-9.31
-9.34
-9.34
-9.28
-9.34
-9.31
-9.31
-9.26
-9.27
-9.31
-9.31
-9.30
-9.32
-9.27
-9.31
-9.29
-9.28
-9.32
-9.28
-9.26
-9.31
-9.31
-9.31
-9.28
-9.29
-9.28
-9.32
-9.29
-9.33
-9.29
-9.33
-9.34
-9.33
-9.31
-9.30
-9.32
-9.26
-9.28
-9.28
-9.31
-9.30
-9.31
-9.32
-9.27
-9.27
-9.27
-9.32
-9.26
-9.30
-9.31
-9.33
-9.31
-9.35
-9.28
-9.31
-9.30
-9.30
-9.33
-9.32
-9.33
-9.37
-9.34
-9.28
-9.30
-9.30
-9.31
-9.27
-9.30
-9.30
-9.30
-9.28
-9.31
-9.29
-9.31
-9.29
-9.29
-9.36
-9.33
-9.26
-9.28
-9.32
-9.34
-9.27
-9.31
-9.31
-9.31
-9.28
-9.31
-9.31
-9.30
-9.22
-9.27
-9.32
-9.31
-9.33
-9.33
-9.29
-9.30
-9.31
-9.33
-9.35
-9.33
-9.32
-9.31
-9.33
-9.32
-9.29
-9.31
-9.28
-9.31
-9.33
-9.29
-9.30
-9.33
-9.34
-9.34
-9.28
-9.31
-9.29
-9.27
-9.26
-9.33
-9.30
-9.30
-9.29
-9.35
-9.33
-9.32
-9.34
-9.30
-9.28
-9.38
-9.37
-9.37
-9.29
-9.30
-9.28
-9.35
-9.32
-9.30
-9.31
-9.24
-9.28
-9.29
-9.31
-9.31
-9.33
-9.35
-9.27
-9.30
-9.26
-9.30
-9.29
-9.30
-9.29
-9.30
-9.32
-9.34
-9.33
-9.30
-9.29
-9.33
-9.33
-9.29
-9.36
-9.31
-9.30
-9.27
-9.31
-9.32
-9.33
-9.32
-9.33
-9.28
-9.34
-9.30
-9.31
-9.34
-9.33
-9.30
-9.28
-9.28
-9.33
-9.31
-9.33
-9.29
-9.32
-9.29
-9.30
-9.31
-9.31
-9.33
-9.30
-9.28
-9.31
-9.32
-9.35
-9.33
-9.34
-9.26
-9.29
-9.31
-9.30
-9.31
-9.34
-9.31
-9.29
-9.32
-9.32
-9.29
-9.30
-9.29
-9.33
-9.27
-9.32
-9.32
-9.28
-9.33
-9.29
-9.32
-9.32
-9.32
-9.31
-9.30
-9.28
-9.31
-9.27
-9.29
-9.27
-9.28
-9.31
-9.31
-9.28
-9.28
-9.30
-9.29
-9.31
-9.29
-9.30
-9.30
-9.31
-9.32
-9.37
-9.31
-9.28
-9.31
-9.31
-9.33
-9.34
-9.30
-9.32
-9.34
-9.34
-9.29
-9.30
-9.32
-9.30
-9.32
-9.33
-9.34
-9.30
-9.31
-9.28
-9.28
-9.28
-9.29
-9.31
-9.32
-9.32
-9.29
-9.30
-9.33
-9.29
-9.30
-9.30
-9.32
-9.27
-9.29
-9.29
-9.30
-9.31
-9.31
-9.32
-9.32
-9.32
-9.32
-9.29
-9.32
-9.31
-9.33
-9.28
-9.27
-9.29
-9.29
-9.32
-9.29
-9.33
-9.27
-9.28
-9.29
-9.30
-9.32
-9.33
-9.29
-9.30
-9.32
-9.30
-9.30
-9.31
-9.33
-9.32
-9.32
-9.32
-9.28
-9.30
-9.32
-9.33
-9.28
-9.24
-9.30
-9.28
-9.28
-9.29
-9.32
-9.34
-9.29
-9.35
-9.35
-9.31
-9.32
-9.33
-9.34
-9.33
-9.30
-9.33
-9.32
-9.29
-9.26
-9.30
-9.32
-9.28
-9.28
-9.29
-9.30
-9.33
-9.35
-9.31
-9.26
-9.36
-9.34
-9.31
-9.33
-9.34
-9.29
-9.28
-9.28
-9.33
-9.32
-9.29
-9.30
-9.31
-9.32
-9.27
-9.29
-9.32
-9.32
-9.25
-9.17
-9.15
-9.41
-9.41
-9.26
-9.30
-9.39
-9.27
-9.32
-9.34
-9.28
-9.34
-9.34
-9.28
-9.33
-9.29
-9.32
-9.31
-9.32
-9.34
-9.32
-9.29
-9.33
-9.32
-9.32
-9.26
-9.33
-9.31
-9.27
-9.31
-9.31
-9.30
-9.31
-9.30
-9.28
-9.29
-9.30
-9.33
-9.27
-9.29
-9.33
-9.30
-9.27
-9.29
-9.33
-9.32
-9.31
-9.29
-9.34
-9.32
-9.32
-9.31
-9.28
-9.34
-9.29
-9.31
-9.31
-9.31
-9.29
-9.25
-9.30
-9.33
-9.28
-9.31
-9.28
-9.31
-9.29
-9.34
-9.33
-9.30
-9.29
-9.28
-9.29
-9.34
-9.32
-9.29
-9.31
-9.35
-9.32
-9.30
-9.30
-9.29
-9.31
-9.31
-9.33
-9.32
-9.25
-9.33
-9.27
-9.30
-9.28
-9.22
-9.32
-9.24
-9.25
-9.33
-9.31
-9.29
-9.30
-9.31
-9.32
-9.29
-9.27
-9.32
-9.34
-9.29
-9.27
-9.34
-9.27
-9.27
-9.27
-9.29
-9.32
-9.33
-9.32
-9.30
-9.29
-9.33
-9.34
-9.35
-9.31
-9.33
-9.32
-9.35
-9.32
-9.33
-9.30
-9.31
-9.34
-9.28
-9.24
-9.38
-9.32
-9.37
-9.38
-9.31
-9.28
-9.35
-9.27
-9.30
-9.33
-9.27
-9.32
-9.27
-9.29
-9.30
-9.32
-9.32
-9.29
-9.33
-9.30
-9.31
-9.28
-9.32
-9.31
-9.34
-9.31
-9.30
-9.32
-9.25
-9.32
-9.30
-9.29
-9.33
-9.29
-9.31
-9.31
-9.32
-9.29
-9.30
-9.34
-9.31
-9.35
-9.31
-9.31
-9.28
-9.26
-9.36
-9.30
-9.33
-9.29
-9.31
-9.28
-9.30
-9.34
-9.34
-9.29
-9.26
-9.30
-9.26
-9.30
-9.26
-9.30
-9.30
-9.29
-9.33
-9.32
-9.33
-9.29
-9.31
-9.30
-9.29
-9.30
-9.28
-9.28
-9.29
-9.34
-9.32
-9.28
-9.33
-9.32
-9.30
-9.34
-9.32
-9.32
-9.31
-9.29
-9.34
-9.30
-9.32
-9.30
-9.30
-9.30
-9.28
-9.33
-9.33
-9.30
-9.28
-9.32
-9.32
-9.33
-9.32
-9.31
-9.31
-9.31
-9.33
-9.33
-9.31
-9.32
-9.30
-9.34
-9.34
-9.32
-9.29
-9.31
-9.27
-9.31
-9.30
-9.31
-9.30
-9.33
-9.31
-9.35
-9.33
-9.26
-9.33
-9.30
-9.32
-9.32
-9.30
-9.28
-9.28
-9.30
-9.29
-9.31
-9.29
-9.31
-9.30
-9.33
-9.32
-9.30
-9.33
-9.33
-9.29
-9.30
-9.31
-9.31
-9.31
-9.33
-9.31
-9.25
-9.31
-9.32
-9.32
-9.30
-9.30
-9.31
-9.31
-9.29
-9.34
-9.32
-9.30
-9.32
-9.32
-9.29
-9.31
-9.32
-9.29
-9.32
-9.32
-9.27
-9.31
-9.33
-9.29
-9.33
-9.27
-9.27
-9.32
-9.30
-9.33
-9.30
-9.27
-9.28
-9.31
-9.28
-9.30
-9.31
-9.31
-9.34
-9.31
-9.29
-9.34
-9.32
-9.29
-9.29
-9.27
-9.29
-9.28
-9.36
-9.34
-9.36
-9.29
-9.33
-9.32
-9.35
-9.30
-9.36
-9.34
-9.27
-9.31
-9.32
-9.32
-9.32
-9.25
-9.31
-9.30
-9.28
-9.28
-9.28
-9.34
-9.35
-9.32
-9.31
-9.33
-9.31
-9.28
-9.34
-9.29
-9.30
-9.31
-9.31
-9.34
-9.28
-9.31
-9.32
-9.31
-9.31
-9.27
-9.30
-9.30
-9.27
-9.32
-9.30
-9.29
-9.30
-9.32
-9.34
-9.28
-9.30
-9.30
-9.25
-9.25
-9.28
-9.28
-9.27
-9.31
-9.27
-9.34
-9.34
-9.36
-9.29
-9.34
-9.30
-9.33
-9.32
-9.29
-9.35
-9.32
-9.32
-9.32
-9.28
-9.29
-9.30
-9.30
-9.32
-9.30
-9.29
-9.31
-9.26
-9.29
-9.28
-9.22
-9.28
-9.32
-9.31
-9.34
-9.32
-9.36
-9.29
-9.30
-9.30
-9.28
-9.33
-9.30
-9.32
-9.28
-9.31
-9.31
-9.34
-9.32
-9.32
-9.33
-9.32
-9.29
-9.33
-9.30
-9.30
-9.36
-9.37
-9.33
-9.32
-9.35
-9.33
-9.33
-9.36
-9.30
-9.30
-9.31
-9.31
-9.31
-9.27
-9.31
-9.31
-9.28
-9.26
-9.32
-9.35
-9.29
-9.35
-9.32
-9.29
-9.28
-9.30
-9.28
-9.30
-9.33
-9.29
-9.31
-9.30
-9.31
-9.34
-9.32
-9.30
-9.34
-9.27
-9.28
-9.31
-9.29
-9.33
-9.31
-9.35
-9.28
-9.30
-9.36
-9.39
-9.30
-9.29
-9.32
-9.31
-9.32
-9.35
-9.30
-9.27
-9.28
-9.35
-9.31
-9.30
-9.30
-9.31
-9.33
-9.32
-9.30
-9.30
-9.34
-9.33
-9.27
-9.28
-9.31
-9.31
-9.28
-9.35
-9.30
-9.33
-9.34
-9.31
-9.28
-9.25
-9.28
-9.29
-9.33
-9.33
-9.29
-9.30
-9.29
-9.28
-9.28
-9.30
-9.31
-9.27
-9.30
-9.36
-9.31
-9.29
-9.35
-9.30
-9.30
-9.32
-9.32
-9.29
-9.29
-9.35
-9.30
-9.31
-9.32
-9.32
-9.27
-9.31
-9.28
-9.26
-9.31
-9.34
-9.33
-9.30
-9.32
-9.35
-9.34
-9.28
-9.30
-9.30
-9.29
-9.31
-9.29
-9.31
-9.34
-9.33
-9.27
-9.32
-9.27
-9.28
-9.33
-9.32
-9.30
-9.33
-9.29
-9.37
-9.34
-9.30
-9.33
-9.32
-9.32
-9.31
-9.30
-9.32
-9.31
-9.31
-9.35
-9.38
-9.33
-9.28
-9.31
-9.30
-9.32
-9.29
-9.31
-9.33
-9.33
-9.31
-9.29
-9.31
-9.33
-9.27
-9.30
-9.33
-9.27
-9.32
-9.29
-9.30
-9.32
-9.30
-9.31
-9.31
-9.31
-9.33
-9.34
-9.32
-9.32
-9.32
-9.30
-9.28
-9.29
-9.31
-9.29
-9.33
-9.33
-9.32
-9.31
-9.34
-9.31
-9.30
-9.31
-9.32
-9.25
-9.30
-9.28
-9.31
-9.32
-9.29
-9.32
-9.30
-9.24
-9.26
-9.27
-9.29
-9.31
-9.30
-9.31
-9.30
-9.31
-9.29
-9.31
-9.30
-9.29
-9.30
-9.22
-9.22
-9.33
-9.28
-9.29
-9.33
-9.32
-9.35
-9.31
-9.28
-9.27
-9.32
-9.26
-9.34
-9.32
-9.29
-9.31
-9.31
-9.30
-9.30
-9.33
-9.32
-9.37
-9.31
-9.27
-9.32
-9.32
-9.35
-9.35
-9.30
-9.27
-9.31
-9.27
-9.29
-9.33
-9.30
-9.33
-9.30
-9.32
-9.26
-9.27
-9.31
-9.31
-9.32
-9.28
-9.30
-9.30
-9.31
-9.33
-9.27
-9.30
-9.29
-9.30
-9.30
-9.31
-9.32
-9.32
-9.28
-9.26
-9.30
-9.27
-9.35
-9.35
-9.32
-9.32
-9.31
-9.28
-9.30
-9.32
-9.32
-9.31
-9.31
-9.32
-9.34
-9.30
-9.28
-9.27
-9.28
-9.34
-9.27
-9.32
-9.30
-9.35
-9.35
-9.28
-9.30
-9.33
-9.34
-9.30
-9.29
-9.30
-9.33
-9.33
-9.29
-9.35
-9.36
-9.31
-9.30
-9.34
-9.31
-9.29
-9.32
-9.31
-9.30
-9.30
-9.25
-9.34
-9.34
-9.30
-9.35
-9.35
-9.32
-9.35
-9.27
-9.32
-9.25
-9.31
-9.31
-9.29
-9.26
-9.29
-9.28
-9.29
-9.28
-9.29
-9.34
-9.26
-9.30
-9.25
-9.29
-9.30
-9.37
-9.34
-9.33
-9.25
-9.31
-9.30
-9.32
-9.26
-9.31
-9.29
-9.31
-9.30
-9.30
-9.31
-9.33
-9.31
-9.33
-9.34
-9.29
-9.31
-9.33
-9.32
-9.31
-9.32
-9.33
-9.32
-9.27
-9.24
-9.21
-9.33
-9.30
-9.29
-9.31
-9.29
-9.34
-9.32
-9.34
-9.29
-9.32
-9.33
-9.33
-9.31
-9.32
-9.29
-9.32
-9.30
-9.28
-9.30
-9.30
-9.31
-9.31
-9.30
-9.33
-9.31
-9.29
-9.28
-9.31
-9.29
-9.31
-9.35
-9.28
-9.36
-9.28
-9.31
-9.32
-9.31
-9.28
-9.28
-9.32
-9.34
-9.28
-9.31
-9.34
-9.34
-9.30
-9.28
-9.28
-9.32
-9.29
-9.33
-9.31
-9.32
-9.30
-9.33
-9.35
-9.34
-9.32
-9.31
-9.29
-9.34
-9.30
-9.29
-9.30
-9.32
-9.33
-9.28
-9.30
-9.31
-9.34
-9.28
-9.31
-9.31
-9.31
-9.27
-9.35
-9.30
-9.29
-9.34
-9.32
-9.23
-9.30
-9.30
-9.33
-9.31
-9.30
-9.29
-9.32
-9.29
-9.33
-9.27
-9.29
-9.29
-9.29
-9.30
-9.31
-9.35
-9.28
-9.28
-9.32
-9.34
-9.32
-9.27
-9.35
-9.34
-9.32
-9.26
-9.30
-9.30
-9.30
-9.26
-9.27
-9.31
-9.27
-9.28
-9.33
-9.29
-9.30
-9.26
-9.30
-9.30
-9.29
-9.30
-9.31
-9.31
-9.32
-9.33
-9.30
-9.33
-9.32
-9.30
-9.33
-9.33
-9.29
-9.33
-9.30
-9.30
-9.31
-9.32
-9.32
-9.27
-9.34
-9.28
-9.30
-9.30
-9.33
-9.33
-9.33
-9.34
-9.28
-9.31
-9.24
-9.30
-9.32
-9.29
-9.32
-9.36
-9.32
-9.30
-9.30
-9.35
-9.33
-9.31
-9.29
-9.33
-9.29
-9.31
-9.35
-9.30
-9.33
-9.31
-9.33
-9.32
-9.30
-9.29
-9.35
-9.35
-9.28
-9.31
-9.32
-9.31
-9.29
-9.29
-9.33
-9.31
-9.31
-9.32
-9.28
-9.28
-9.32
-9.30
-9.35
-9.28
-9.28
-9.37
-9.28
-9.34
-9.34
-9.29
-9.35
-9.33
-9.32
-9.28
-9.33
-9.28
-9.33
-9.32
-9.29
-9.29
-9.31
-9.33
-9.33
-9.28
-9.30
-9.30
-9.30
-9.28
-9.30
-9.26
-9.31
-9.31
-9.30
-9.31
-9.30
-9.29
-9.29
-9.30
-9.30
-9.32
-9.33
-9.32
-9.33
-9.35
-9.32
-9.31
-9.33
-9.33
-9.34
-9.33
-9.34
-9.30
-9.32
-9.31
-9.32
-9.32
-9.29
-9.30
-9.28
-9.30
-9.28
-9.28
-9.30
-9.33
-9.34
-9.30
-9.32
-9.27
-9.29
-9.30
-9.30
-9.28
-9.27
-9.30
-9.32
-9.30
-9.29
-9.31
-9.31
-9.32
-9.30
-9.31
-9.30
-9.33
-9.29
-9.28
-9.26
-9.29
-9.31
-9.31
-9.28
-9.27
-9.34
-9.29
-9.32
-9.31
-9.28
-9.30
-9.30
-9.31
-9.32
-9.29
-9.29
-9.29
-9.31
-9.28
-9.28
-9.28
-9.31
-9.31
-9.33
-9.32
-9.33
-9.33
-9.34
-9.32
-9.28
-9.30
-9.29
-9.32
-9.32
-9.33
-9.30
-9.30
-9.25
-9.22
-9.30
-9.33
-9.31
-9.32
-9.32
-9.35
-9.32
-9.30
-9.32
-9.31
-9.32
-9.30
-9.28
-9.32
-9.31
-9.26
-9.31
-9.30
-9.29
-9.26
-9.31
-9.31
-9.28
-9.34
-9.34
-9.29
-9.33
-9.33
-9.30
-9.30
-9.30
-9.28
-9.30
-9.30
-9.30
-9.33
-9.30
-9.30
-9.31
-9.33
-9.34
-9.34
-9.34
-9.30
-9.34
-9.33
-9.30
-9.30
-9.28
-9.31
-9.28
-9.31
-9.31
-9.29
-9.33
-9.30
-9.34
-9.36
-9.29
-9.30
-9.36
-9.30
-9.30
-9.34
-9.26
-9.28
-9.32
-9.34
-9.31
-9.32
-9.30
-9.32
-9.34
-9.32
-9.24
-9.29
-9.29
-9.35
-9.29
-9.31
-9.37
-9.31
-9.34
-9.30
-9.33
-9.30
-9.32
-9.30
-9.30
-9.32
-9.30
-9.28
-9.33
-9.33
-9.31
-9.29
-9.32
-9.31
-9.29
-9.27
-9.32
-9.35
-9.32
-9.28
-9.33
-9.32
-9.29
-9.27
-9.29
-9.29
-9.30
-9.34
-9.29
-9.32
-9.28
-9.32
-9.28
-9.29
-9.35
-9.33
-9.33
-9.31
-9.28
-9.31
-9.30
-9.32
-9.30
-9.29
-9.33
-9.36
-9.30
-9.30
-9.28
-9.28
-9.32
-9.31
-9.28
-9.31
-9.29
-9.31
-9.31
-9.29
-9.28
-9.30
-9.32
-9.31
-9.30
-9.30
-9.31
-9.33
-9.34
-9.35
-9.29
-9.29
-9.37
-9.32
-9.27
-9.32
-9.29
-9.29
-9.32
-9.25
-9.27
-9.32
-9.30
-9.34
-9.31
-9.34
-9.31
-9.35
-9.28
-9.30
-9.30
-9.31
-9.32
-9.32
-9.36
-9.29
-9.29
-9.28
-9.30
-9.30
-9.31
-9.36
-9.34
-9.31
-9.29
-9.31
-9.31
-9.32
-9.32
-9.33
-9.30
-9.27
-9.29
-9.33
-9.29
-9.34
-9.32
-9.31
-9.28
-9.34
-9.31
-9.32
-9.35
-9.34
-9.31
-9.32
-9.31
-9.30
-9.29
-9.28
-9.29
-9.25
-9.27
-9.31
-9.32
-9.29
-9.30
-9.28
-9.28
-9.32
-9.30
-9.31
-9.29
-9.31
-9.28
-9.26
-9.31
-9.28
-9.28
-9.34
-9.31
-9.32
-9.28
-9.31
-9.35
-9.30
-9.28
-9.32
-9.36
-9.32
-9.33
-9.34
-9.30
-9.37
-9.33
-9.31
-9.31
-9.27
-9.31
-9.34
-9.28
-9.35
-9.29
-9.34
-9.28
-9.28
-9.32
-9.34
-9.29
-9.28
-9.31
-9.33
-9.31
-9.32
-9.30
-9.26
-9.31
-9.32
-9.27
-9.32
-9.26
-9.36
-9.29
-9.33
-9.30
-9.23
-9.32
-9.27
-9.28
-9.31
-9.30
-9.26
-9.35
-9.33
-9.32
-9.32
-9.35
-9.32
-9.28
-9.33
-9.25
-9.30
-9.35
-9.35
-9.31
-9.32
-9.31
-9.29
-9.30
-9.31
-9.30
-9.28
-9.34
-9.31
-9.32
-9.26
-9.30
-9.30
-9.30
-9.26
-9.29
-9.30
-9.33
-9.34
-9.34
-9.34
-9.31
-9.21
-9.32
-9.31
-9.30
-9.28
-9.27
-9.29
-9.30
-9.31
-9.27
-9.33
-9.29
-9.32
-9.32
-9.27
-9.33
-9.30
-9.30
-9.26
-9.31
-9.35
-9.31
-9.29
-9.33
-9.33
-9.30
-9.30
-9.28
-9.29
-9.30
-9.34
-9.35
-9.32
-9.30
-9.26
-9.35
-9.29
-9.32
-9.31
-9.31
-9.28
-9.29
-9.28
-9.34
-9.33
-9.28
-9.30
-9.31
-9.29
-9.31
-9.28
-9.30
-9.30
-9.30
-9.31
-9.32
-9.30
-9.30
-9.33
-9.32
-9.31
-9.30
-9.27
-9.31
-9.31
-9.27
-9.30
-9.30
-9.33
-9.33
-9.37
-9.33
-9.30
-9.29
-9.32
-9.24
-9.34
-9.32
-9.29
-9.27
-9.33
-9.31
-9.30
-9.34
-9.33
-9.31
-9.34
-9.29
-9.31
-9.29
-9.34
-9.32
-9.34
-9.28
-9.31
-9.32
-9.30
-9.30
-9.25
-9.30
-9.30
-9.32
-9.33
-9.30
-9.34
-9.31
-9.29
-9.34
-9.30
-9.31
-9.31
-9.31
-9.33
-9.30
-9.27
-9.31
-9.26
-9.29
-9.31
-9.31
-9.29
-9.32
-9.29
-9.28
-9.34
-9.30
-9.28
-9.28
-9.31
-9.30
-9.30
-9.31
-9.31
-9.31
-9.30
-9.30
-9.28
-9.32
-9.33
-9.32
-9.33
-9.34
-9.33
-9.30
-9.29
-9.28
-9.30
-9.32
-9.33
-9.30
-9.32
-9.34
-9.29
-9.27
-9.28
-9.31
-9.35
-9.34
-9.30
-9.32
-9.29
-9.29
-9.30
-9.29
-9.31
-9.32
-9.28
-9.32
-9.27
-9.30
-9.31
-9.32
-9.30
-9.27
-9.29
-9.29
-9.32
-9.31
-9.29
-9.31
-9.30
-9.30
-9.29
-9.27
-9.28
-9.31
-9.29
-9.31
-9.34
-9.34
-9.34
-9.31
-9.26
-9.32
-9.31
-9.25
-9.35
-9.30
-9.33
-9.29
-9.34
-9.30
-9.32
-9.28
-9.28
-9.33
-9.30
-9.26
-9.32
-9.26
-9.27
-9.31
-9.28
-9.31
-9.28
-9.33
-9.32
-9.31
-9.31
-9.28
-9.33
-9.34
-9.29
-9.33
-9.29
-9.32
-9.31
-9.32
-9.32
-9.28
-9.29
-9.28
-9.30
-9.30
-9.32
-9.34
-9.29
-9.29
-9.31
-9.32
-9.33
-9.31
-9.31
-9.32
-9.35
-9.31
-9.25
-9.31
-9.27
-9.31
-9.28
-9.31
-9.34
-9.32
-9.29
-9.29
-9.30
-9.31
-9.31
-9.28
-9.26
-9.31
-9.34
-9.32
-9.33
-9.33
-9.33
-9.36
-9.27
-9.27
-9.31
-9.31
-9.34
-9.34
-9.26
-9.33
-9.29
-9.35
-9.32
-9.30
-9.30
-9.29
-9.30
-9.33
-9.29
-9.31
-9.33
-9.31
-9.32
-9.30
-9.28
-9.31
-9.30
-9.31
-9.32
-9.31
-9.32
-9.33
-9.31
-9.28
-9.35
-9.26
-9.26
-9.30
-9.30
-9.32
-9.32
-9.33
-9.36
-9.26
-9.30
-9.26
-9.32
-9.32
-9.31
-9.31
-9.33
-9.31
-9.32
-9.27
-9.32
-9.34
-9.34
-9.31
-9.31
-9.32
-9.31
-9.30
-9.31
-9.32
-9.32
-9.26
-9.33
-9.29
-9.29
-9.30
-9.28
-9.32
-9.29
-9.33
-9.32
-9.33
-9.31
-9.29
-9.30
-9.32
-9.29
-9.32
-9.27
-9.31
-9.31
-9.30
-9.32
-9.33
-9.29
-9.28
-9.31
-9.34
-9.33
-9.29
-9.30
-9.27
-9.31
-9.32
-9.30
-9.29
-9.28
-9.28
-9.32
-9.29
-9.31
-9.31
-9.29
-9.29
-9.34
-9.33
-9.30
-9.31
-9.27
-9.30
-9.29
-9.32
-9.30
-9.29
-9.33
-9.28
-9.29
-9.34
-9.31
-9.30
-9.34
-9.31
-9.31
-9.32
-9.29
-9.31
-9.30
-9.27
-9.31
-9.28
-9.28
-9.29
-9.28
-9.26
-9.29
-9.33
-9.28
-9.29
-9.31
-9.30
-9.26
-9.30
-9.30
-9.31
-9.31
-9.27
-9.30
-9.29
-9.27
-9.29
-9.32
-9.35
-9.33
-9.29
-9.31
-9.33
-9.33
-9.34
-9.28
-9.32
-9.30
-9.32
-9.27
-9.30
-9.28
-9.28
-9.32
-9.28
-9.26
-9.28
-9.35
-9.30
-9.29
-9.27
-9.29
-9.27
-9.27
-9.29
-9.34
-9.32
-9.35
-9.29
-9.32
-9.32
-9.34
-9.27
-9.32
-9.28
-9.30
-9.31
-9.31
-9.27
-9.37
-9.30
-9.33
-9.32
-9.31
-9.26
-9.30
-9.32
-9.29
-9.32
-9.33
-9.26
-9.30
-9.32
-9.29
-9.33
-9.29
-9.30
-9.31
-9.29
-9.25
-9.32
-9.34
-9.28
-9.31
-9.34
-9.31
-9.31
-9.30
-9.27
-9.27
-9.29
-9.33
-9.30
-9.32
-9.29
-9.31
-9.29
-9.31
-9.30
-9.32
-9.31
-9.29
-9.31
-9.30
-9.31
-9.33
-9.31
-9.30
-9.29
-9.33
-9.30
-9.33
-9.34
-9.29
-9.30
-9.29
-9.30
-9.32
-9.34
-9.32
-9.31
-9.35
-9.32
-9.28
-9.31
-9.30
-9.30
-9.31
-9.29
-9.30
-9.30
-9.31
-9.28
-9.33
-9.33
-9.27
-9.32
-9.32
-9.29
-9.30
-9.27
-9.35
-9.30
-9.30
-9.30
-9.30
-9.31
-9.31
-9.31
-9.31
-9.28
-9.31
-9.29
-9.25
-9.30
-9.30
-9.30
-9.29
-9.30
-9.34
-9.32
-9.32
-9.28
-9.26
-9.29
-9.29
-9.33
-9.31
-9.31
-9.32
-9.33
-9.31
-9.35
-9.35
-9.30
-9.31
-9.32
-9.29
-9.30